2024-06-13 20:59:18,346 - INFO - Websocket connected
2024-06-13 21:00:46,473 - INFO - Websocket connected
2024-06-13 21:02:10,483 - INFO - Websocket connected
2024-06-13 21:03:28,257 - INFO - Websocket connected
2024-06-13 21:04:23,640 - INFO - Websocket connected
2024-06-13 21:05:12,635 - INFO - Websocket connected
2024-06-13 21:05:33,613 - INFO - Websocket connected
2024-06-13 21:06:00,005 - ERROR - Websocket error: ping/pong timed out
2024-06-13 21:06:00,005 - ERROR - ping/pong timed out - goodbye
2024-06-13 21:06:00,081 - INFO - Websocket connection closed with code: None, message: None
2024-06-13 21:06:05,343 - INFO - Websocket connected
2024-06-13 21:10:31,055 - INFO - Websocket connected
2024-06-13 21:11:43,493 - INFO - Websocket connected
2024-06-13 21:14:09,171 - INFO - Websocket connected
2024-06-14 17:39:59,843 - INFO - Websocket connected
2024-06-14 17:39:59,846 - ERROR - error from callback <bound method CoinMarketCapWebsocketClient.on_open of <data_pipeline.websocket_client.CoinMarketCapWebsocketClient object at 0x7e66fe5c1180>>: Connection is already closed.
2024-06-14 17:39:59,846 - ERROR - Websocket error: Connection is already closed.
2024-06-14 17:39:59,846 - ERROR - Websocket error: 'NoneType' object has no attribute 'sock'
2024-06-14 17:39:59,846 - ERROR - 'NoneType' object has no attribute 'sock' - goodbye
2024-06-14 17:39:59,847 - INFO - Websocket connection closed with code: None, message: None
2024-06-14 17:40:05,126 - INFO - Websocket connected
2024-06-14 17:41:21,220 - INFO - Websocket connected
2024-06-14 17:42:00,038 - ERROR - Websocket error: ping/pong timed out
2024-06-14 17:42:00,038 - ERROR - ping/pong timed out - goodbye
2024-06-14 17:42:00,115 - INFO - Websocket connection closed with code: None, message: None
2024-06-14 17:42:05,391 - INFO - Websocket connected
2024-06-14 18:40:28,309 - INFO - Websocket connected
2024-06-14 18:44:47,602 - INFO - Websocket connected
2024-06-14 18:48:42,390 - INFO - Websocket connection closed with code: None, message: None
2024-06-14 18:48:48,212 - INFO - Websocket connected
2024-06-14 18:50:12,508 - INFO - Websocket connected
2024-06-14 18:51:14,893 - INFO - Websocket connected
2024-06-14 18:52:00,025 - ERROR - Websocket error: ping/pong timed out
2024-06-14 18:52:00,025 - ERROR - ping/pong timed out - goodbye
2024-06-14 18:52:00,103 - INFO - Websocket connection closed with code: None, message: None
2024-06-14 18:52:05,366 - INFO - Websocket connected
2024-06-14 19:01:14,395 - INFO - Websocket connected
2024-06-14 19:02:00,029 - ERROR - Websocket error: ping/pong timed out
2024-06-14 19:02:00,029 - ERROR - ping/pong timed out - goodbye
2024-06-14 19:02:00,107 - INFO - Websocket connection closed with code: None, message: None
2024-06-14 19:02:05,373 - INFO - Websocket connected
2024-06-14 19:04:34,276 - INFO - Websocket connected
2024-06-14 19:06:00,544 - ERROR - Websocket error: ping/pong timed out
2024-06-14 19:06:00,545 - ERROR - ping/pong timed out - goodbye
2024-06-14 19:06:00,623 - INFO - Websocket connection closed with code: None, message: None
2024-06-14 19:06:05,891 - INFO - Websocket connected
2024-06-14 19:08:23,836 - INFO - Websocket connected
2024-06-14 19:10:00,407 - ERROR - Websocket error: ping/pong timed out
2024-06-14 19:10:00,408 - ERROR - ping/pong timed out - goodbye
2024-06-14 19:10:00,486 - INFO - Websocket connection closed with code: None, message: None
2024-06-14 19:10:05,760 - INFO - Websocket connected
2024-06-14 19:15:34,645 - INFO - Websocket connected
2024-06-14 19:17:00,443 - ERROR - Websocket error: ping/pong timed out
2024-06-14 19:17:00,443 - ERROR - ping/pong timed out - goodbye
2024-06-14 19:17:00,521 - INFO - Websocket connection closed with code: None, message: None
2024-06-14 19:17:05,791 - INFO - Websocket connected
2024-06-14 19:19:01,053 - ERROR - Websocket error: ping/pong timed out
2024-06-14 19:19:01,053 - ERROR - ping/pong timed out - goodbye
2024-06-14 19:19:01,131 - INFO - Websocket connection closed with code: None, message: None
2024-06-14 19:19:06,406 - INFO - Websocket connected
2024-06-14 19:21:02,855 - ERROR - Websocket error: ping/pong timed out
2024-06-14 19:21:02,855 - ERROR - ping/pong timed out - goodbye
2024-06-14 19:21:02,933 - INFO - Websocket connection closed with code: None, message: None
2024-06-14 19:21:08,199 - INFO - Websocket connected
2024-06-14 19:23:03,723 - ERROR - Websocket error: ping/pong timed out
2024-06-14 19:23:03,724 - ERROR - ping/pong timed out - goodbye
2024-06-14 19:23:03,802 - INFO - Websocket connection closed with code: None, message: None
2024-06-14 19:23:09,095 - INFO - Websocket connected
2024-06-14 19:25:04,496 - ERROR - Websocket error: ping/pong timed out
2024-06-14 19:25:04,496 - ERROR - ping/pong timed out - goodbye
2024-06-14 19:25:04,574 - INFO - Websocket connection closed with code: None, message: None
2024-06-14 19:25:09,842 - INFO - Websocket connected
2024-06-14 19:27:04,965 - ERROR - Websocket error: ping/pong timed out
2024-06-14 19:27:04,966 - ERROR - ping/pong timed out - goodbye
2024-06-14 19:27:05,043 - INFO - Websocket connection closed with code: None, message: None
2024-06-14 19:27:10,297 - INFO - Websocket connected
2024-06-14 19:31:05,595 - ERROR - Websocket error: ping/pong timed out
2024-06-14 19:31:05,595 - ERROR - ping/pong timed out - goodbye
2024-06-14 19:31:05,672 - INFO - Websocket connection closed with code: None, message: None
2024-06-14 19:31:10,942 - INFO - Websocket connected
2024-06-14 22:40:24,677 - INFO - Websocket connected
2024-06-14 22:40:40,376 - INFO - Websocket connection closed with code: None, message: None
2024-06-14 22:52:06,869 - INFO - Websocket connected
2024-06-14 22:53:07,287 - INFO - Websocket connection closed with code: None, message: None
2024-06-14 22:53:12,567 - INFO - Websocket connected
2024-06-14 23:07:45,350 - INFO - Websocket connected
2024-06-14 23:08:45,565 - INFO - Websocket connection closed with code: None, message: None
2024-06-14 23:08:50,835 - INFO - Websocket connected
2024-06-14 23:24:53,747 - INFO - Websocket connected
2024-06-14 23:26:00,389 - ERROR - Websocket error: ping/pong timed out
2024-06-14 23:26:00,390 - ERROR - ping/pong timed out - goodbye
2024-06-14 23:26:00,390 - INFO - Websocket connection closed with code: None, message: None
2024-06-14 23:26:05,670 - INFO - Websocket connected
2024-06-14 23:27:00,679 - ERROR - Websocket error: ping/pong timed out
2024-06-14 23:27:00,679 - ERROR - ping/pong timed out - goodbye
2024-06-14 23:27:00,756 - INFO - Websocket connection closed with code: None, message: None
2024-06-14 23:27:06,017 - INFO - Websocket connected
2024-06-14 23:28:01,071 - ERROR - Websocket error: ping/pong timed out
2024-06-14 23:28:01,071 - ERROR - ping/pong timed out - goodbye
2024-06-14 23:28:01,149 - INFO - Websocket connection closed with code: None, message: None
2024-06-14 23:28:06,415 - INFO - Websocket connected
2024-06-14 23:29:01,693 - ERROR - Websocket error: ping/pong timed out
2024-06-14 23:29:01,693 - ERROR - ping/pong timed out - goodbye
2024-06-14 23:29:01,787 - INFO - Websocket connection closed with code: None, message: None
2024-06-14 23:29:07,058 - INFO - Websocket connected
2024-06-14 23:30:17,688 - INFO - Websocket connected
2024-06-14 23:31:03,122 - ERROR - Websocket error: ping/pong timed out
2024-06-14 23:31:03,123 - ERROR - ping/pong timed out - goodbye
2024-06-14 23:31:03,201 - INFO - Websocket connection closed with code: None, message: None
2024-06-14 23:31:08,467 - INFO - Websocket connected
2024-06-14 23:32:01,600 - INFO - Websocket connection closed with code: None, message: None
2024-06-14 23:32:06,921 - INFO - Websocket connected
2024-06-14 23:33:02,118 - ERROR - Websocket error: ping/pong timed out
2024-06-14 23:33:02,118 - ERROR - ping/pong timed out - goodbye
2024-06-14 23:33:02,196 - INFO - Websocket connection closed with code: None, message: None
2024-06-14 23:33:07,460 - INFO - Websocket connected
2024-06-14 23:34:02,636 - ERROR - Websocket error: ping/pong timed out
2024-06-14 23:34:02,637 - ERROR - ping/pong timed out - goodbye
2024-06-14 23:34:02,714 - INFO - Websocket connection closed with code: None, message: None
2024-06-14 23:34:07,994 - INFO - Websocket connected
2024-06-14 23:35:04,310 - ERROR - Websocket error: ping/pong timed out
2024-06-14 23:35:04,310 - ERROR - ping/pong timed out - goodbye
2024-06-14 23:35:04,391 - INFO - Websocket connection closed with code: None, message: None
2024-06-14 23:35:09,657 - INFO - Websocket connected
2024-06-14 23:44:21,309 - INFO - Websocket connected
2024-06-14 23:46:00,427 - ERROR - Websocket error: ping/pong timed out
2024-06-14 23:46:00,427 - ERROR - ping/pong timed out - goodbye
2024-06-14 23:46:00,427 - INFO - Websocket connection closed with code: None, message: None
2024-06-14 23:46:05,711 - INFO - Websocket connected
2024-06-14 23:47:00,838 - ERROR - Websocket error: ping/pong timed out
2024-06-14 23:47:00,838 - ERROR - ping/pong timed out - goodbye
2024-06-14 23:47:00,916 - INFO - Websocket connection closed with code: None, message: None
2024-06-14 23:47:06,191 - INFO - Websocket connected
2024-06-14 23:48:01,388 - ERROR - Websocket error: ping/pong timed out
2024-06-14 23:48:01,388 - ERROR - ping/pong timed out - goodbye
2024-06-14 23:48:01,466 - INFO - Websocket connection closed with code: None, message: None
2024-06-14 23:48:06,740 - INFO - Websocket connected
2024-06-14 23:49:30,935 - INFO - Websocket connected
2024-06-14 23:50:00,808 - ERROR - Websocket error: ping/pong timed out
2024-06-14 23:50:00,809 - ERROR - ping/pong timed out - goodbye
2024-06-14 23:50:00,886 - INFO - Websocket connection closed with code: None, message: None
2024-06-14 23:50:06,154 - INFO - Websocket connected
2024-06-14 23:52:10,266 - INFO - Websocket connected
2024-06-14 23:54:00,408 - ERROR - Websocket error: ping/pong timed out
2024-06-14 23:54:00,408 - ERROR - ping/pong timed out - goodbye
2024-06-14 23:54:00,408 - INFO - Websocket connection closed with code: None, message: None
2024-06-14 23:54:05,677 - INFO - Websocket connected
2024-06-15 07:58:32,743 - WARNING - You are saving your model as an HDF5 file via `model.save()` or `keras.saving.save_model(model)`. This file format is considered legacy. We recommend using instead the native Keras format, e.g. `model.save('my_model.keras')` or `keras.saving.save_model(model, 'my_model.keras')`. 
2024-06-15 07:58:33,272 - INFO - Websocket connected
2024-06-15 07:59:00,471 - ERROR - Websocket error: ping/pong timed out
2024-06-15 07:59:00,471 - ERROR - ping/pong timed out - goodbye
2024-06-15 07:59:00,549 - INFO - Websocket connection closed with code: None, message: None
2024-06-15 07:59:05,821 - INFO - Websocket connected
2024-06-15 08:00:00,534 - ERROR - Websocket error: ping/pong timed out
2024-06-15 08:00:00,535 - ERROR - ping/pong timed out - goodbye
2024-06-15 08:00:00,535 - INFO - Websocket connection closed with code: None, message: None
2024-06-15 08:00:05,807 - INFO - Websocket connected
2024-06-15 08:05:29,037 - WARNING - Compiled the loaded model, but the compiled metrics have yet to be built. `model.compile_metrics` will be empty until you train or evaluate the model.
2024-06-15 08:05:29,307 - INFO - Websocket connected
2024-06-15 08:06:07,077 - ERROR - Websocket error: ping/pong timed out
2024-06-15 08:06:07,077 - ERROR - ping/pong timed out - goodbye
2024-06-15 08:06:07,155 - INFO - Websocket connection closed with code: None, message: None
2024-06-15 08:06:12,543 - INFO - Websocket connected
2024-06-15 08:09:00,470 - WARNING - Compiled the loaded model, but the compiled metrics have yet to be built. `model.compile_metrics` will be empty until you train or evaluate the model.
2024-06-15 08:09:00,733 - INFO - Websocket connected
2024-06-15 08:10:24,810 - ERROR - Websocket error: ping/pong timed out
2024-06-15 08:10:24,810 - ERROR - ping/pong timed out - goodbye
2024-06-15 08:10:24,810 - INFO - Websocket connection closed with code: None, message: None
2024-06-15 08:10:30,072 - INFO - Websocket connected
2024-06-15 08:13:21,559 - WARNING - Compiled the loaded model, but the compiled metrics have yet to be built. `model.compile_metrics` will be empty until you train or evaluate the model.
2024-06-15 08:13:21,830 - INFO - Websocket connected
2024-06-15 08:14:22,374 - WARNING - Compiled the loaded model, but the compiled metrics have yet to be built. `model.compile_metrics` will be empty until you train or evaluate the model.
2024-06-15 08:14:23,627 - INFO - Websocket connected
2024-06-15 08:22:14,490 - WARNING - Compiled the loaded model, but the compiled metrics have yet to be built. `model.compile_metrics` will be empty until you train or evaluate the model.
2024-06-15 08:22:14,759 - INFO - Websocket connected
2024-06-15 08:22:42,371 - ERROR - Websocket error: ping/pong timed out
2024-06-15 08:22:42,371 - ERROR - ping/pong timed out - goodbye
2024-06-15 08:22:42,450 - INFO - Websocket connection closed with code: None, message: None
2024-06-15 08:22:47,717 - INFO - Websocket connected
2024-06-15 08:29:38,833 - WARNING - Compiled the loaded model, but the compiled metrics have yet to be built. `model.compile_metrics` will be empty until you train or evaluate the model.
2024-06-15 08:29:39,108 - INFO - Websocket connected
2024-06-15 08:30:06,760 - ERROR - Websocket error: ping/pong timed out
2024-06-15 08:30:06,761 - ERROR - ping/pong timed out - goodbye
2024-06-15 08:30:06,839 - INFO - Websocket connection closed with code: None, message: None
2024-06-15 08:30:12,101 - INFO - Websocket connected
2024-06-15 08:30:47,563 - ERROR - Websocket error: ping/pong timed out
2024-06-15 08:30:47,563 - ERROR - ping/pong timed out - goodbye
2024-06-15 08:30:47,642 - INFO - Websocket connection closed with code: None, message: None
2024-06-15 08:30:52,929 - INFO - Websocket connected
2024-06-15 08:31:21,258 - INFO - Websocket connection closed with code: None, message: None
2024-06-15 08:38:42,051 - WARNING - Compiled the loaded model, but the compiled metrics have yet to be built. `model.compile_metrics` will be empty until you train or evaluate the model.
2024-06-15 08:38:42,456 - INFO - Websocket connected
2024-06-15 08:39:11,151 - ERROR - Websocket error: ping/pong timed out
2024-06-15 08:39:11,151 - ERROR - ping/pong timed out - goodbye
2024-06-15 08:39:11,229 - INFO - Websocket connection closed with code: None, message: None
2024-06-15 08:39:16,484 - INFO - Websocket connected
2024-06-15 08:40:20,886 - ERROR - Websocket error: ping/pong timed out
2024-06-15 08:40:20,886 - ERROR - ping/pong timed out - goodbye
2024-06-15 08:40:20,886 - INFO - Websocket connection closed with code: None, message: None
2024-06-15 08:46:24,541 - WARNING - Compiled the loaded model, but the compiled metrics have yet to be built. `model.compile_metrics` will be empty until you train or evaluate the model.
2024-06-15 08:46:24,805 - INFO - Websocket connected
2024-06-15 08:46:50,411 - ERROR - Websocket error: ping/pong timed out
2024-06-15 08:46:50,411 - ERROR - ping/pong timed out - goodbye
2024-06-15 08:46:50,490 - INFO - Websocket connection closed with code: None, message: None
2024-06-15 08:46:55,748 - INFO - Websocket connected
2024-06-15 08:48:01,296 - ERROR - Websocket error: ping/pong timed out
2024-06-15 08:48:01,297 - ERROR - ping/pong timed out - goodbye
2024-06-15 08:48:01,297 - INFO - Websocket connection closed with code: None, message: None
2024-06-15 08:48:06,561 - INFO - Websocket connected
2024-06-15 08:53:57,242 - WARNING - Compiled the loaded model, but the compiled metrics have yet to be built. `model.compile_metrics` will be empty until you train or evaluate the model.
2024-06-15 08:53:57,557 - INFO - Websocket connected
2024-06-15 08:55:03,144 - INFO - Websocket connection closed with code: None, message: None
2024-06-15 08:55:08,453 - INFO - Websocket connected
2024-06-15 08:59:40,771 - WARNING - Compiled the loaded model, but the compiled metrics have yet to be built. `model.compile_metrics` will be empty until you train or evaluate the model.
2024-06-15 08:59:41,035 - INFO - Websocket connected
2024-06-15 09:00:49,139 - INFO - Websocket connection closed with code: None, message: None
2024-06-15 09:00:54,413 - INFO - Websocket connected
2024-06-15 09:03:43,840 - WARNING - Compiled the loaded model, but the compiled metrics have yet to be built. `model.compile_metrics` will be empty until you train or evaluate the model.
2024-06-15 09:03:44,116 - INFO - Websocket connected
2024-06-15 09:04:49,768 - INFO - Websocket connection closed with code: None, message: None
2024-06-15 09:04:55,031 - INFO - Websocket connected
2024-06-15 10:31:58,671 - WARNING - You are saving your model as an HDF5 file via `model.save()` or `keras.saving.save_model(model)`. This file format is considered legacy. We recommend using instead the native Keras format, e.g. `model.save('my_model.keras')` or `keras.saving.save_model(model, 'my_model.keras')`. 
2024-06-15 10:31:59,023 - INFO - Websocket connected
2024-06-15 10:32:58,874 - INFO - Websocket connection closed with code: None, message: None
2024-06-15 10:33:04,148 - INFO - Websocket connected
