2024-06-12 02:06:25,704 - INFO - Websocket connected
2024-06-12 02:06:41,939 - INFO - Websocket connected
2024-06-12 02:06:55,201 - INFO - Websocket connected
2024-06-12 02:09:01,322 - INFO - Websocket connected
2024-06-12 02:09:55,400 - INFO - Websocket connected
2024-06-12 02:10:35,529 - INFO - Websocket connected
2024-06-12 02:12:55,928 - INFO - Websocket connected
2024-06-12 02:16:22,290 - INFO - Websocket connected
2024-06-12 02:16:27,049 - INFO - Entered trade: {'signal_id': '1718158402118', 'entry_time': 1718158582.1180027, 'action': 'buy', 'timeframe': 120, 'strategy_name': 'SMA Crossover', 'status': 'active', 'entry_price': 67431.51766228907, 'exit_time': None, 'exit_price': None, 'result': None, 'candles': []}
2024-06-12 02:23:21,513 - INFO - Websocket connected
2024-06-12 02:23:22,086 - INFO - Entered trade: {'signal_id': '1718158547161', 'entry_time': 1718158727.1611662, 'action': 'buy', 'timeframe': 120, 'strategy_name': 'SMA Crossover', 'status': 'active', 'entry_price': 67488.98306778708, 'exit_time': None, 'exit_price': None, 'result': None, 'candles': []}
2024-06-12 02:23:36,625 - INFO - Websocket connected
2024-06-12 02:23:37,063 - INFO - Entered trade: {'signal_id': '1718158682071', 'entry_time': 1718158862.071648, 'action': 'buy', 'timeframe': 120, 'strategy_name': 'SMA Crossover', 'status': 'active', 'entry_price': 67487.76476828466, 'exit_time': None, 'exit_price': None, 'result': None, 'candles': []}
2024-06-12 02:24:51,451 - INFO - Websocket connected
2024-06-12 02:29:12,060 - INFO - Entered trade: {'signal_id': '1718159167146', 'entry_time': 1718159347.146444, 'action': 'buy', 'timeframe': 120, 'strategy_name': 'SMA Crossover', 'status': 'active', 'entry_price': 67549.03283346532, 'exit_time': None, 'exit_price': None, 'result': None, 'candles': []}
2024-06-12 02:30:14,150 - INFO - Entered trade: {'signal_id': '1718159232063', 'entry_time': 1718159412.0636854, 'action': 'sell', 'timeframe': 60, 'strategy_name': 'RSI Overbought', 'status': 'active', 'entry_price': 67541.43318779701, 'exit_time': None, 'exit_price': None, 'result': None, 'candles': []}
2024-06-12 02:31:22,121 - INFO - Entered trade: {'signal_id': '1718159297282', 'entry_time': 1718159477.2820377, 'action': 'sell', 'timeframe': 60, 'strategy_name': 'RSI Overbought', 'status': 'active', 'entry_price': 67485.25298872177, 'exit_time': None, 'exit_price': None, 'result': None, 'candles': []}
2024-06-12 02:36:17,097 - INFO - Entered trade: {'signal_id': '1718159597049', 'entry_time': 1718159777.0499046, 'action': 'buy', 'timeframe': 120, 'strategy_name': 'SMA Crossover', 'status': 'active', 'entry_price': 67435.58153663346, 'exit_time': None, 'exit_price': None, 'result': None, 'candles': []}
2024-06-12 02:37:57,046 - INFO - Entered trade: {'signal_id': '1718159697050', 'entry_time': 1718159877.050984, 'action': 'buy', 'timeframe': 120, 'strategy_name': 'SMA Crossover', 'status': 'active', 'entry_price': 67464.56884216474, 'exit_time': None, 'exit_price': None, 'result': None, 'candles': []}
2024-06-12 21:51:25,160 - INFO - Websocket connected
2024-06-12 21:51:27,889 - ERROR - error from callback <bound method CoinMarketCapWebsocketClient.on_message of <data_pipeline.websocket_client.CoinMarketCapWebsocketClient object at 0x727ca7699630>>: 's'
2024-06-12 21:51:32,907 - ERROR - error from callback <bound method CoinMarketCapWebsocketClient.on_message of <data_pipeline.websocket_client.CoinMarketCapWebsocketClient object at 0x727ca7699630>>: 's'
2024-06-12 21:51:37,441 - ERROR - error from callback <bound method CoinMarketCapWebsocketClient.on_message of <data_pipeline.websocket_client.CoinMarketCapWebsocketClient object at 0x727ca7699630>>: 's'
2024-06-12 21:51:42,738 - ERROR - error from callback <bound method CoinMarketCapWebsocketClient.on_message of <data_pipeline.websocket_client.CoinMarketCapWebsocketClient object at 0x727ca7699630>>: 's'
2024-06-12 21:51:47,635 - ERROR - error from callback <bound method CoinMarketCapWebsocketClient.on_message of <data_pipeline.websocket_client.CoinMarketCapWebsocketClient object at 0x727ca7699630>>: 's'
2024-06-12 21:51:52,305 - ERROR - error from callback <bound method CoinMarketCapWebsocketClient.on_message of <data_pipeline.websocket_client.CoinMarketCapWebsocketClient object at 0x727ca7699630>>: 's'
2024-06-12 21:53:04,956 - INFO - Websocket connected
2024-06-12 21:53:07,151 - ERROR - error from callback <bound method CoinMarketCapWebsocketClient.on_message of <data_pipeline.websocket_client.CoinMarketCapWebsocketClient object at 0x7cbfca05d5a0>>: 's'
2024-06-12 21:53:12,226 - ERROR - error from callback <bound method CoinMarketCapWebsocketClient.on_message of <data_pipeline.websocket_client.CoinMarketCapWebsocketClient object at 0x7cbfca05d5a0>>: 's'
2024-06-12 21:53:17,112 - ERROR - error from callback <bound method CoinMarketCapWebsocketClient.on_message of <data_pipeline.websocket_client.CoinMarketCapWebsocketClient object at 0x7cbfca05d5a0>>: 's'
2024-06-12 21:53:22,310 - ERROR - error from callback <bound method CoinMarketCapWebsocketClient.on_message of <data_pipeline.websocket_client.CoinMarketCapWebsocketClient object at 0x7cbfca05d5a0>>: 's'
2024-06-12 21:53:27,112 - ERROR - error from callback <bound method CoinMarketCapWebsocketClient.on_message of <data_pipeline.websocket_client.CoinMarketCapWebsocketClient object at 0x7cbfca05d5a0>>: 's'
2024-06-12 21:53:32,122 - ERROR - error from callback <bound method CoinMarketCapWebsocketClient.on_message of <data_pipeline.websocket_client.CoinMarketCapWebsocketClient object at 0x7cbfca05d5a0>>: 's'
2024-06-12 21:53:37,128 - ERROR - error from callback <bound method CoinMarketCapWebsocketClient.on_message of <data_pipeline.websocket_client.CoinMarketCapWebsocketClient object at 0x7cbfca05d5a0>>: 's'
2024-06-12 21:53:42,123 - ERROR - error from callback <bound method CoinMarketCapWebsocketClient.on_message of <data_pipeline.websocket_client.CoinMarketCapWebsocketClient object at 0x7cbfca05d5a0>>: 's'
2024-06-12 21:53:47,122 - ERROR - error from callback <bound method CoinMarketCapWebsocketClient.on_message of <data_pipeline.websocket_client.CoinMarketCapWebsocketClient object at 0x7cbfca05d5a0>>: 's'
2024-06-12 21:53:52,122 - ERROR - error from callback <bound method CoinMarketCapWebsocketClient.on_message of <data_pipeline.websocket_client.CoinMarketCapWebsocketClient object at 0x7cbfca05d5a0>>: 's'
2024-06-12 21:53:57,113 - ERROR - error from callback <bound method CoinMarketCapWebsocketClient.on_message of <data_pipeline.websocket_client.CoinMarketCapWebsocketClient object at 0x7cbfca05d5a0>>: 's'
2024-06-12 21:54:02,124 - ERROR - error from callback <bound method CoinMarketCapWebsocketClient.on_message of <data_pipeline.websocket_client.CoinMarketCapWebsocketClient object at 0x7cbfca05d5a0>>: 's'
2024-06-12 21:54:07,142 - ERROR - error from callback <bound method CoinMarketCapWebsocketClient.on_message of <data_pipeline.websocket_client.CoinMarketCapWebsocketClient object at 0x7cbfca05d5a0>>: 's'
2024-06-12 21:54:14,069 - ERROR - error from callback <bound method CoinMarketCapWebsocketClient.on_message of <data_pipeline.websocket_client.CoinMarketCapWebsocketClient object at 0x7cbfca05d5a0>>: 's'
2024-06-12 21:54:17,296 - ERROR - error from callback <bound method CoinMarketCapWebsocketClient.on_message of <data_pipeline.websocket_client.CoinMarketCapWebsocketClient object at 0x7cbfca05d5a0>>: 's'
2024-06-12 21:54:22,239 - ERROR - error from callback <bound method CoinMarketCapWebsocketClient.on_message of <data_pipeline.websocket_client.CoinMarketCapWebsocketClient object at 0x7cbfca05d5a0>>: 's'
2024-06-12 21:54:27,307 - ERROR - error from callback <bound method CoinMarketCapWebsocketClient.on_message of <data_pipeline.websocket_client.CoinMarketCapWebsocketClient object at 0x7cbfca05d5a0>>: 's'
2024-06-12 21:54:32,202 - ERROR - error from callback <bound method CoinMarketCapWebsocketClient.on_message of <data_pipeline.websocket_client.CoinMarketCapWebsocketClient object at 0x7cbfca05d5a0>>: 's'
2024-06-12 21:54:37,200 - ERROR - error from callback <bound method CoinMarketCapWebsocketClient.on_message of <data_pipeline.websocket_client.CoinMarketCapWebsocketClient object at 0x7cbfca05d5a0>>: 's'
2024-06-12 21:54:42,399 - ERROR - error from callback <bound method CoinMarketCapWebsocketClient.on_message of <data_pipeline.websocket_client.CoinMarketCapWebsocketClient object at 0x7cbfca05d5a0>>: 's'
2024-06-12 21:54:47,128 - ERROR - error from callback <bound method CoinMarketCapWebsocketClient.on_message of <data_pipeline.websocket_client.CoinMarketCapWebsocketClient object at 0x7cbfca05d5a0>>: 's'
2024-06-12 21:54:52,132 - ERROR - error from callback <bound method CoinMarketCapWebsocketClient.on_message of <data_pipeline.websocket_client.CoinMarketCapWebsocketClient object at 0x7cbfca05d5a0>>: 's'
2024-06-12 21:54:57,123 - ERROR - error from callback <bound method CoinMarketCapWebsocketClient.on_message of <data_pipeline.websocket_client.CoinMarketCapWebsocketClient object at 0x7cbfca05d5a0>>: 's'
2024-06-12 21:55:02,131 - ERROR - error from callback <bound method CoinMarketCapWebsocketClient.on_message of <data_pipeline.websocket_client.CoinMarketCapWebsocketClient object at 0x7cbfca05d5a0>>: 's'
2024-06-12 21:55:07,127 - ERROR - error from callback <bound method CoinMarketCapWebsocketClient.on_message of <data_pipeline.websocket_client.CoinMarketCapWebsocketClient object at 0x7cbfca05d5a0>>: 's'
2024-06-12 21:55:12,130 - ERROR - error from callback <bound method CoinMarketCapWebsocketClient.on_message of <data_pipeline.websocket_client.CoinMarketCapWebsocketClient object at 0x7cbfca05d5a0>>: 's'
2024-06-12 21:55:17,117 - ERROR - error from callback <bound method CoinMarketCapWebsocketClient.on_message of <data_pipeline.websocket_client.CoinMarketCapWebsocketClient object at 0x7cbfca05d5a0>>: 's'
2024-06-12 21:55:22,115 - ERROR - error from callback <bound method CoinMarketCapWebsocketClient.on_message of <data_pipeline.websocket_client.CoinMarketCapWebsocketClient object at 0x7cbfca05d5a0>>: 's'
2024-06-12 21:55:27,107 - ERROR - error from callback <bound method CoinMarketCapWebsocketClient.on_message of <data_pipeline.websocket_client.CoinMarketCapWebsocketClient object at 0x7cbfca05d5a0>>: 's'
2024-06-12 21:55:32,114 - ERROR - error from callback <bound method CoinMarketCapWebsocketClient.on_message of <data_pipeline.websocket_client.CoinMarketCapWebsocketClient object at 0x7cbfca05d5a0>>: 's'
2024-06-12 21:55:37,127 - ERROR - error from callback <bound method CoinMarketCapWebsocketClient.on_message of <data_pipeline.websocket_client.CoinMarketCapWebsocketClient object at 0x7cbfca05d5a0>>: 's'
2024-06-12 21:56:20,983 - INFO - Websocket connected
2024-06-12 21:56:22,125 - ERROR - error from callback <bound method CoinMarketCapWebsocketClient.on_message of <data_pipeline.websocket_client.CoinMarketCapWebsocketClient object at 0x7415a7a55600>>: 's'
2024-06-12 21:56:27,116 - ERROR - error from callback <bound method CoinMarketCapWebsocketClient.on_message of <data_pipeline.websocket_client.CoinMarketCapWebsocketClient object at 0x7415a7a55600>>: 's'
2024-06-12 21:56:32,120 - ERROR - error from callback <bound method CoinMarketCapWebsocketClient.on_message of <data_pipeline.websocket_client.CoinMarketCapWebsocketClient object at 0x7415a7a55600>>: 's'
2024-06-12 22:45:11,847 - INFO - Websocket connected
2024-06-12 22:45:12,143 - ERROR - error from callback <bound method CoinMarketCapWebsocketClient.on_message of <data_pipeline.websocket_client.CoinMarketCapWebsocketClient object at 0x7ad9cb97d5a0>>: 's'
2024-06-12 22:45:17,123 - ERROR - error from callback <bound method CoinMarketCapWebsocketClient.on_message of <data_pipeline.websocket_client.CoinMarketCapWebsocketClient object at 0x7ad9cb97d5a0>>: 's'
2024-06-12 22:45:22,142 - ERROR - error from callback <bound method CoinMarketCapWebsocketClient.on_message of <data_pipeline.websocket_client.CoinMarketCapWebsocketClient object at 0x7ad9cb97d5a0>>: 's'
2024-06-12 22:45:27,716 - ERROR - error from callback <bound method CoinMarketCapWebsocketClient.on_message of <data_pipeline.websocket_client.CoinMarketCapWebsocketClient object at 0x7ad9cb97d5a0>>: 's'
2024-06-12 22:45:32,127 - ERROR - error from callback <bound method CoinMarketCapWebsocketClient.on_message of <data_pipeline.websocket_client.CoinMarketCapWebsocketClient object at 0x7ad9cb97d5a0>>: 's'
2024-06-12 22:45:39,223 - ERROR - error from callback <bound method CoinMarketCapWebsocketClient.on_message of <data_pipeline.websocket_client.CoinMarketCapWebsocketClient object at 0x7ad9cb97d5a0>>: 's'
2024-06-12 22:45:42,458 - ERROR - error from callback <bound method CoinMarketCapWebsocketClient.on_message of <data_pipeline.websocket_client.CoinMarketCapWebsocketClient object at 0x7ad9cb97d5a0>>: 's'
2024-06-12 22:45:47,136 - ERROR - error from callback <bound method CoinMarketCapWebsocketClient.on_message of <data_pipeline.websocket_client.CoinMarketCapWebsocketClient object at 0x7ad9cb97d5a0>>: 's'
2024-06-12 22:45:52,367 - ERROR - error from callback <bound method CoinMarketCapWebsocketClient.on_message of <data_pipeline.websocket_client.CoinMarketCapWebsocketClient object at 0x7ad9cb97d5a0>>: 's'
2024-06-12 22:45:57,252 - ERROR - error from callback <bound method CoinMarketCapWebsocketClient.on_message of <data_pipeline.websocket_client.CoinMarketCapWebsocketClient object at 0x7ad9cb97d5a0>>: 's'
2024-06-12 22:46:02,204 - ERROR - error from callback <bound method CoinMarketCapWebsocketClient.on_message of <data_pipeline.websocket_client.CoinMarketCapWebsocketClient object at 0x7ad9cb97d5a0>>: 's'
2024-06-12 22:46:07,185 - ERROR - error from callback <bound method CoinMarketCapWebsocketClient.on_message of <data_pipeline.websocket_client.CoinMarketCapWebsocketClient object at 0x7ad9cb97d5a0>>: 's'
2024-06-12 22:46:12,139 - ERROR - error from callback <bound method CoinMarketCapWebsocketClient.on_message of <data_pipeline.websocket_client.CoinMarketCapWebsocketClient object at 0x7ad9cb97d5a0>>: 's'
2024-06-12 22:46:17,119 - ERROR - error from callback <bound method CoinMarketCapWebsocketClient.on_message of <data_pipeline.websocket_client.CoinMarketCapWebsocketClient object at 0x7ad9cb97d5a0>>: 's'
2024-06-12 22:46:22,149 - ERROR - error from callback <bound method CoinMarketCapWebsocketClient.on_message of <data_pipeline.websocket_client.CoinMarketCapWebsocketClient object at 0x7ad9cb97d5a0>>: 's'
2024-06-12 22:46:27,342 - ERROR - error from callback <bound method CoinMarketCapWebsocketClient.on_message of <data_pipeline.websocket_client.CoinMarketCapWebsocketClient object at 0x7ad9cb97d5a0>>: 's'
2024-06-12 22:46:32,121 - ERROR - error from callback <bound method CoinMarketCapWebsocketClient.on_message of <data_pipeline.websocket_client.CoinMarketCapWebsocketClient object at 0x7ad9cb97d5a0>>: 's'
2024-06-12 22:46:37,157 - ERROR - error from callback <bound method CoinMarketCapWebsocketClient.on_message of <data_pipeline.websocket_client.CoinMarketCapWebsocketClient object at 0x7ad9cb97d5a0>>: 's'
2024-06-12 22:46:42,124 - ERROR - error from callback <bound method CoinMarketCapWebsocketClient.on_message of <data_pipeline.websocket_client.CoinMarketCapWebsocketClient object at 0x7ad9cb97d5a0>>: 's'
2024-06-12 22:46:47,119 - ERROR - error from callback <bound method CoinMarketCapWebsocketClient.on_message of <data_pipeline.websocket_client.CoinMarketCapWebsocketClient object at 0x7ad9cb97d5a0>>: 's'
2024-06-12 22:46:52,144 - ERROR - error from callback <bound method CoinMarketCapWebsocketClient.on_message of <data_pipeline.websocket_client.CoinMarketCapWebsocketClient object at 0x7ad9cb97d5a0>>: 's'
2024-06-12 22:46:57,115 - ERROR - error from callback <bound method CoinMarketCapWebsocketClient.on_message of <data_pipeline.websocket_client.CoinMarketCapWebsocketClient object at 0x7ad9cb97d5a0>>: 's'
2024-06-12 22:47:02,131 - ERROR - error from callback <bound method CoinMarketCapWebsocketClient.on_message of <data_pipeline.websocket_client.CoinMarketCapWebsocketClient object at 0x7ad9cb97d5a0>>: 's'
2024-06-12 22:47:07,134 - ERROR - error from callback <bound method CoinMarketCapWebsocketClient.on_message of <data_pipeline.websocket_client.CoinMarketCapWebsocketClient object at 0x7ad9cb97d5a0>>: 's'
2024-06-12 22:47:12,126 - ERROR - error from callback <bound method CoinMarketCapWebsocketClient.on_message of <data_pipeline.websocket_client.CoinMarketCapWebsocketClient object at 0x7ad9cb97d5a0>>: 's'
2024-06-12 22:47:17,141 - ERROR - error from callback <bound method CoinMarketCapWebsocketClient.on_message of <data_pipeline.websocket_client.CoinMarketCapWebsocketClient object at 0x7ad9cb97d5a0>>: 's'
2024-06-12 22:47:22,149 - ERROR - error from callback <bound method CoinMarketCapWebsocketClient.on_message of <data_pipeline.websocket_client.CoinMarketCapWebsocketClient object at 0x7ad9cb97d5a0>>: 's'
2024-06-12 22:47:27,113 - ERROR - error from callback <bound method CoinMarketCapWebsocketClient.on_message of <data_pipeline.websocket_client.CoinMarketCapWebsocketClient object at 0x7ad9cb97d5a0>>: 's'
2024-06-12 22:47:32,131 - ERROR - error from callback <bound method CoinMarketCapWebsocketClient.on_message of <data_pipeline.websocket_client.CoinMarketCapWebsocketClient object at 0x7ad9cb97d5a0>>: 's'
2024-06-12 22:47:37,132 - ERROR - error from callback <bound method CoinMarketCapWebsocketClient.on_message of <data_pipeline.websocket_client.CoinMarketCapWebsocketClient object at 0x7ad9cb97d5a0>>: 's'
2024-06-12 22:47:42,303 - ERROR - error from callback <bound method CoinMarketCapWebsocketClient.on_message of <data_pipeline.websocket_client.CoinMarketCapWebsocketClient object at 0x7ad9cb97d5a0>>: 's'
2024-06-12 22:47:47,142 - ERROR - error from callback <bound method CoinMarketCapWebsocketClient.on_message of <data_pipeline.websocket_client.CoinMarketCapWebsocketClient object at 0x7ad9cb97d5a0>>: 's'
2024-06-12 22:47:58,691 - INFO - Websocket connected
2024-06-12 22:47:58,769 - ERROR - error from callback <bound method CoinMarketCapWebsocketClient.on_message of <data_pipeline.websocket_client.CoinMarketCapWebsocketClient object at 0x73b5434e1540>>: 'CoinMarketCapWebsocketClient' object has no attribute 'message_buffer'
2024-06-12 22:48:02,139 - ERROR - error from callback <bound method CoinMarketCapWebsocketClient.on_message of <data_pipeline.websocket_client.CoinMarketCapWebsocketClient object at 0x73b5434e1540>>: 'CoinMarketCapWebsocketClient' object has no attribute 'message_buffer'
2024-06-12 22:48:37,535 - INFO - Websocket connected
2024-06-12 22:48:42,197 - ERROR - error from callback <bound method CoinMarketCapWebsocketClient.on_message of <data_pipeline.websocket_client.CoinMarketCapWebsocketClient object at 0x7e19ba245480>>: 'CoinMarketCapWebsocketClient' object has no attribute 'symbol'
2024-06-12 22:48:47,181 - ERROR - error from callback <bound method CoinMarketCapWebsocketClient.on_message of <data_pipeline.websocket_client.CoinMarketCapWebsocketClient object at 0x7e19ba245480>>: 'CoinMarketCapWebsocketClient' object has no attribute 'symbol'
2024-06-12 22:48:52,188 - ERROR - error from callback <bound method CoinMarketCapWebsocketClient.on_message of <data_pipeline.websocket_client.CoinMarketCapWebsocketClient object at 0x7e19ba245480>>: 'CoinMarketCapWebsocketClient' object has no attribute 'symbol'
2024-06-12 22:48:57,103 - ERROR - error from callback <bound method CoinMarketCapWebsocketClient.on_message of <data_pipeline.websocket_client.CoinMarketCapWebsocketClient object at 0x7e19ba245480>>: 'CoinMarketCapWebsocketClient' object has no attribute 'symbol'
2024-06-12 22:50:43,125 - INFO - Websocket connected
2024-06-12 22:51:32,042 - INFO - Websocket connected
2024-06-12 22:52:40,238 - INFO - Websocket connected
2024-06-12 23:01:45,970 - INFO - Websocket connected
